<?xml version="1.0" encoding="UTF-8" ?>
<testsuite errors="0" failures="0" hostname="mti54-PC" name="test.FormControllerTests" tests="8" time="1.284" timestamp="2013-10-15T06:31:14">
  <properties />
  <testcase classname="test.FormControllerTests" name="testList" time="0.36" />
  <testcase classname="test.FormControllerTests" name="testShow" time="0.134" />
  <testcase classname="test.FormControllerTests" name="testCreate" time="0.069" />
  <testcase classname="test.FormControllerTests" name="testSave" time="0.078" />
  <testcase classname="test.FormControllerTests" name="testDelete" time="0.261" />
  <testcase classname="test.FormControllerTests" name="testIndex" time="0.074" />
  <testcase classname="test.FormControllerTests" name="testUpdate" time="0.071" />
  <testcase classname="test.FormControllerTests" name="testEdit" time="0.058" />
  <system-out><![CDATA[--Output from testList--
--Output from testShow--
--Output from testCreate--
--Output from testSave--
--Output from testDelete--
--Output from testIndex--
--Output from testUpdate--
--Output from testEdit--
]]></system-out>
  <system-err><![CDATA[--Output from testList--
--Output from testShow--
--Output from testCreate--
--Output from testSave--
--Output from testDelete--
--Output from testIndex--
--Output from testUpdate--
--Output from testEdit--
]]></system-err>
</testsuite>
